<?xml version="1.0" encoding="UTF-8"?>
<testng-results skipped="0" failed="0" ignored="0" total="1" passed="1">
  <reporter-output>
  </reporter-output>
  <suite name="Regression Test Suite" duration-ms="4152" started-at="2022-05-17T11:46:50Z" finished-at="2022-05-17T11:46:54Z">
    <groups>
    </groups>
    <test name="User Test" duration-ms="4152" started-at="2022-05-17T11:46:50Z" finished-at="2022-05-17T11:46:54Z">
      <class name="com.restassured.example.test.GetUserTest">
        <test-method status="PASS" signature="setRequestSpecification()[pri:0, instance:com.restassured.example.test.GetUserTest@156b88f5]" name="setRequestSpecification" is-config="true" duration-ms="3085" started-at="2022-05-17T11:46:50Z" finished-at="2022-05-17T11:46:53Z">
          <reporter-output>
          </reporter-output>
        </test-method> <!-- setRequestSpecification -->
        <test-method status="PASS" signature="before()[pri:0, instance:com.restassured.example.test.GetUserTest@156b88f5]" name="before" is-config="true" duration-ms="516" started-at="2022-05-17T11:46:53Z" finished-at="2022-05-17T11:46:54Z">
          <reporter-output>
          </reporter-output>
        </test-method> <!-- before -->
        <test-method status="PASS" signature="testUserRetrieval()[pri:0, instance:com.restassured.example.test.GetUserTest@156b88f5]" name="testUserRetrieval" duration-ms="357" started-at="2022-05-17T11:46:54Z" description="Verify that a user can be retrieved" finished-at="2022-05-17T11:46:54Z">
          <reporter-output>
          </reporter-output>
        </test-method> <!-- testUserRetrieval -->
      </class> <!-- com.restassured.example.test.GetUserTest -->
    </test> <!-- User Test -->
  </suite> <!-- Regression Test Suite -->
</testng-results>
